<?xml version="1.0" encoding="UTF-8"?>
<!-- Generated by org.testng.reporters.JUnitReportReporter -->
<testsuite ignored="0" hostname="USPL-085" failures="0" tests="1" name="org.testing.TestScripts.TestNG1" time="0.019" errors="0" timestamp="08 Aug 2020 06:15:59 GMT" skipped="0">
  <testcase classname="org.testing.TestScripts.TestNG1" name="TC1" time="0.019"/>
</testsuite> <!-- org.testing.TestScripts.TestNG1 -->
