<?xml version="1.0" encoding="UTF-8"?>
<!-- Generated by org.testng.reporters.JUnitReportReporter -->
<testsuite ignored="0" hostname="USPL-085" failures="0" tests="1" name="org.testing.TestScripts.DeleteRequest" time="11.620" errors="0" timestamp="08 Aug 2020 10:44:43 GMT" skipped="0">
  <testcase classname="org.testing.TestScripts.DeleteRequest" name="TC5" time="11.620"/>
</testsuite> <!-- org.testing.TestScripts.DeleteRequest -->
