<?xml version="1.0" encoding="UTF-8"?>
<!-- Generated by org.testng.reporters.JUnitReportReporter -->
<testsuite ignored="0" hostname="USPL-085" failures="0" tests="1" name="org.testing.TestScripts.PostRequestTC" time="3.055" errors="0" timestamp="08 Aug 2020 10:58:32 GMT" skipped="0">
  <testcase classname="org.testing.TestScripts.PostRequestTC" name="TC1" time="3.055"/>
</testsuite> <!-- org.testing.TestScripts.PostRequestTC -->
