<?xml version="1.0" encoding="UTF-8"?>
<!-- Generated by org.testng.reporters.JUnitReportReporter -->
<testsuite ignored="0" hostname="USPL-085" failures="0" tests="1" name="org.testing.TestScripts.GetRequestWithQueryParameters" time="0.143" errors="0" timestamp="08 Aug 2020 11:10:04 GMT" skipped="0">
  <testcase classname="org.testing.TestScripts.GetRequestWithQueryParameters" name="TC3" time="0.143"/>
</testsuite> <!-- org.testing.TestScripts.GetRequestWithQueryParameters -->
